proguard/seeds.txt
org.mariotaku.twidere.R$anim: int grow_from_bottom
org.mariotaku.twidere.R$anim: int grow_from_bottomleft_to_topright
org.mariotaku.twidere.R$anim: int grow_from_bottomright_to_topleft
org.mariotaku.twidere.R$anim: int grow_from_top
org.mariotaku.twidere.R$anim: int grow_from_topleft_to_bottomright
org.mariotaku.twidere.R$anim: int grow_from_topright_to_bottomleft
org.mariotaku.twidere.R$anim: int shrink_from_bottom
org.mariotaku.twidere.R$anim: int shrink_from_bottomleft_to_topright
org.mariotaku.twidere.R$anim: int shrink_from_bottomright_to_topleft
org.mariotaku.twidere.R$anim: int shrink_from_top
org.mariotaku.twidere.R$anim: int shrink_from_topleft_to_bottomright
org.mariotaku.twidere.R$anim: int shrink_from_topright_to_bottomleft
org.mariotaku.twidere.R$anim: int slide_in_from_bottom
org.mariotaku.twidere.R$anim: int slide_in_from_top
org.mariotaku.twidere.R$anim: int slide_out_to_bottom
org.mariotaku.twidere.R$anim: int slide_out_to_top
org.mariotaku.twidere.R$attr: int actionBarBackground
org.mariotaku.twidere.R$attr: int actionBarHomeAsUpIndicator
org.mariotaku.twidere.R$attr: int actionBarIndeterminateProgressStyle
org.mariotaku.twidere.R$attr: int actionBarItemHomeStyle
org.mariotaku.twidere.R$attr: int actionBarItemStyle
org.mariotaku.twidere.R$attr: int actionBarStyle
org.mariotaku.twidere.R$attr: int actionBarTitleStyle
org.mariotaku.twidere.R$attr: int menuBarBackground
org.mariotaku.twidere.R$attr: int popupBackground
org.mariotaku.twidere.R$attr: int ptrAdapterViewBackground
org.mariotaku.twidere.R$attr: int ptrDrawable
org.mariotaku.twidere.R$attr: int ptrHeaderBackground
org.mariotaku.twidere.R$attr: int ptrHeaderSubTextColor
org.mariotaku.twidere.R$attr: int ptrHeaderTextColor
org.mariotaku.twidere.R$attr: int ptrMode
org.mariotaku.twidere.R$attr: int ptrShowIndicator
org.mariotaku.twidere.R$attr: int switchMinWidth
org.mariotaku.twidere.R$attr: int switchPadding
org.mariotaku.twidere.R$attr: int switchStyle
org.mariotaku.twidere.R$attr: int switchTextAppearance
org.mariotaku.twidere.R$attr: int tabBackground
org.mariotaku.twidere.R$attr: int tabStyle
org.mariotaku.twidere.R$attr: int tabTextStyle
org.mariotaku.twidere.R$attr: int textColor
org.mariotaku.twidere.R$attr: int textOff
org.mariotaku.twidere.R$attr: int textOn
org.mariotaku.twidere.R$attr: int textSize
org.mariotaku.twidere.R$attr: int thumb
org.mariotaku.twidere.R$attr: int thumbTextPadding
org.mariotaku.twidere.R$attr: int track
org.mariotaku.twidere.R$bool: int home_display_icon
org.mariotaku.twidere.R$bool: int tab_display_label
...
org.mariotaku.actionbarcompat.R$styleable: int[] PullToRefresh
org.mariotaku.actionbarcompat.R$styleable: int PullToRefresh_ptrAdapterViewBackground
org.mariotaku.actionbarcompat.R$styleable: int PullToRefresh_ptrDrawable
org.mariotaku.actionbarcompat.R$styleable: int PullToRefresh_ptrHeaderBackground
org.mariotaku.actionbarcompat.R$styleable: int PullToRefresh_ptrHeaderSubTextColor
org.mariotaku.actionbarcompat.R$styleable: int PullToRefresh_ptrHeaderTextColor
org.mariotaku.actionbarcompat.R$styleable: int PullToRefresh_ptrMode
org.mariotaku.actionbarcompat.R$styleable: int PullToRefresh_ptrShowIndicator
org.mariotaku.actionbarcompat.R$styleable: int[] Switch
org.mariotaku.actionbarcompat.R$styleable: int Switch_switchMinWidth
org.mariotaku.actionbarcompat.R$styleable: int Switch_switchPadding
org.mariotaku.actionbarcompat.R$styleable: int Switch_switchTextAppearance
org.mariotaku.actionbarcompat.R$styleable: int Switch_textOff
org.mariotaku.actionbarcompat.R$styleable: int Switch_textOn
org.mariotaku.actionbarcompat.R$styleable: int Switch_thumb
org.mariotaku.actionbarcompat.R$styleable: int Switch_thumbTextPadding
org.mariotaku.actionbarcompat.R$styleable: int Switch_track
org.mariotaku.actionbarcompat.R$styleable: int[] TextAppearance
org.mariotaku.actionbarcompat.R$styleable: int TextAppearance_textColor
org.mariotaku.actionbarcompat.R$styleable: int TextAppearance_textSize
org.mariotaku.actionbarcompat.R$styleable: int[] Twidere
org.mariotaku.actionbarcompat.R$xml: int about
org.mariotaku.actionbarcompat.R$xml: int searchable
org.mariotaku.actionbarcompat.R$xml: int settings
org.mariotaku.menubar.MenuBar
org.mariotaku.menubar.MenuBar: MenuBar(android.content.Context)
org.mariotaku.menubar.MenuBar: MenuBar(android.content.Context,android.util.AttributeSet)
org.mariotaku.menubar.MenuBar: android.view.Menu getMenu()
org.mariotaku.menubar.MenuBar: void setOnMenuItemClickListener(org.mariotaku.menubar.MenuBar$OnMenuItemClickListener)
org.mariotaku.menubar.MenuBar$1: void onClick(android.view.View)
org.mariotaku.preference.ColorPickerPreference$ColorPickerDialog: void onClick(android.content.DialogInterface,int)
org.mariotaku.preference.ColorPickerPreference$ColorPickerDialog$ColorPickerView: java.lang.String getAlphaSliderText()
org.mariotaku.preference.ColorPickerPreference$ColorPickerDialog$ColorPickerView: int getBorderColor()
org.mariotaku.preference.ColorPickerPreference$ColorPickerDialog$ColorPickerView: int getColor()
org.mariotaku.preference.ColorPickerPreference$ColorPickerDialog$ColorPickerView: float getDrawingOffset()
org.mariotaku.preference.ColorPickerPreference$ColorPickerDialog$ColorPickerView: int getSliderTrackerColor()
org.mariotaku.preference.ColorPickerPreference$ColorPickerDialog$ColorPickerView: void setAlphaSliderText(int)
org.mariotaku.preference.ColorPickerPreference$ColorPickerDialog$ColorPickerView: void setAlphaSliderText(java.lang.String)
org.mariotaku.preference.ColorPickerPreference$ColorPickerDialog$ColorPickerView: void setAlphaSliderVisible(boolean)
org.mariotaku.preference.ColorPickerPreference$ColorPickerDialog$ColorPickerView: void setBorderColor(int)
org.mariotaku.preference.ColorPickerPreference$ColorPickerDialog$ColorPickerView: void setColor(int)
org.mariotaku.preference.ColorPickerPreference$ColorPickerDialog$ColorPickerView: void setSliderTrackerColor(int)
org.mariotaku.preference.ColorPickerPreference$ColorPickerDialog$ColorPickerView: int getPrefferedHeight()
org.mariotaku.preference.ColorPickerPreference$ColorPickerDialog$ColorPickerView: int getPrefferedWidth()
org.mariotaku.preference.SeekBarPreference
org.mariotaku.preference.SeekBarPreference: SeekBarPreference(android.content.Context)
org.mariotaku.preference.SeekBarPreference: SeekBarPreference(android.content.Context,android.util.AttributeSet)
org.mariotaku.preference.SeekBarPreference: SeekBarPreference(android.content.Context,android.util.AttributeSet,int)