proguard/mapping.txt
org.mariotaku.twidere.ITwidereService -> org.mariotaku.twidere.a:
    int getHomeTimeline(long[],long[]) -> a
    int getMentions(long[],long[]) -> b
    int getReceivedDirectMessages(long,long) -> a
    int getSentDirectMessages(long,long) -> b
    int updateStatus(long[],java.lang.String,android.location.Location,android.net.Uri,long,boolean) -> a
    int destroyStatus(long,long) -> c
    int retweetStatus(long,long) -> d
    int cancelRetweet(long,long) -> e
    int createFavorite(long,long) -> f
    int destroyFavorite(long,long) -> g
    int createFriendship(long,long) -> h
    int destroyFriendship(long,long) -> i
    int createBlock(long,long) -> j
    int destroyBlock(long,long) -> k
    int reportSpam(long,long) -> l
    int updateProfile(long,java.lang.String,java.lang.String,java.lang.String,java.lang.String) -> a
    int updateProfileImage(long,android.net.Uri,boolean) -> a
    boolean isHomeTimelineRefreshing() -> a
    boolean isMentionsRefreshing() -> b
    boolean isReceivedDirectMessagesRefreshing() -> c
    boolean isSentDirectMessagesRefreshing() -> d
    boolean hasActivatedTask() -> e
    boolean test() -> f
    void shutdownService() -> g
org.mariotaku.twidere.ITwidereService$Stub -> org.mariotaku.twidere.b:
    org.mariotaku.twidere.ITwidereService asInterface(android.os.IBinder) -> a
    android.os.IBinder asBinder() -> asBinder
    boolean onTransact(int,android.os.Parcel,android.os.Parcel,int) -> onTransact
org.mariotaku.twidere.ITwidereService$Stub$Proxy -> org.mariotaku.twidere.c:
    android.os.IBinder mRemote -> a
    android.os.IBinder asBinder() -> asBinder
    int getHomeTimeline(long[],long[]) -> a
    int getMentions(long[],long[]) -> b
    int getReceivedDirectMessages(long,long) -> a
    int getSentDirectMessages(long,long) -> b
    int updateStatus(long[],java.lang.String,android.location.Location,android.net.Uri,long,boolean) -> a
    int destroyStatus(long,long) -> c
    int retweetStatus(long,long) -> d
    int cancelRetweet(long,long) -> e
    int createFavorite(long,long) -> f
    int destroyFavorite(long,long) -> g
    int createFriendship(long,long) -> h
    int destroyFriendship(long,long) -> i
    int createBlock(long,long) -> j
    int destroyBlock(long,long) -> k
    int reportSpam(long,long) -> l
    int updateProfile(long,java.lang.String,java.lang.String,java.lang.String,java.lang.String) -> a
    int updateProfileImage(long,android.net.Uri,boolean) -> a
    boolean isHomeTimelineRefreshing() -> a
    boolean isMentionsRefreshing() -> b
    boolean isReceivedDirectMessagesRefreshing() -> c
    boolean isSentDirectMessagesRefreshing() -> d
    boolean hasActivatedTask() -> e
    boolean test() -> f
    void shutdownService() -> g
org.mariotaku.twidere.R -> org.mariotaku.twidere.d:
...
android.support.v4.app.FragmentManagerImpl -> android.support.v4.app.n:
    boolean DEBUG -> a
    boolean HONEYCOMB -> b
    java.util.ArrayList mPendingActions -> c
    java.lang.Runnable[] mTmpActions -> d
    boolean mExecutingActions -> e
    java.util.ArrayList mActive -> f
    java.util.ArrayList mAdded -> g
    java.util.ArrayList mAvailIndices -> h
    java.util.ArrayList mBackStack -> i
    java.util.ArrayList mCreatedMenus -> j
    java.util.ArrayList mBackStackIndices -> k
    java.util.ArrayList mAvailBackStackIndices -> l
    java.util.ArrayList mBackStackChangeListeners -> m
    int mCurState -> n
    android.support.v4.app.FragmentActivity mActivity -> o
    boolean mNeedMenuInvalidate -> p
    boolean mStateSaved -> q
    boolean mDestroyed -> r
    java.lang.String mNoTransactionsBecause -> s
    boolean mHavePendingDeferredStart -> t
    android.os.Bundle mStateBundle -> u
    android.util.SparseArray mStateArray -> v
    java.lang.Runnable mExecCommit -> w
    android.view.animation.Interpolator DECELERATE_QUINT -> x
    android.view.animation.Interpolator DECELERATE_CUBIC -> y
    android.view.animation.Interpolator ACCELERATE_QUINT -> z
    android.view.animation.Interpolator ACCELERATE_CUBIC -> A
    android.support.v4.app.FragmentTransaction beginTransaction() -> a
    boolean executePendingTransactions() -> b
    void popBackStack() -> c
    boolean popBackStackImmediate() -> d
    void popBackStack(int,int) -> a
android.support.v4.app.FragmentManagerImpl$1 -> android.support.v4.app.o:
    android.support.v4.app.FragmentManagerImpl this$0 -> a
    void run() -> run
android.support.v4.app.FragmentManagerImpl$2 -> android.support.v4.app.p:
    android.support.v4.app.FragmentManagerImpl this$0 -> a
    void run() -> run
android.support.v4.app.FragmentManagerImpl$4 -> android.support.v4.app.q:
    int val$id -> a
    int val$flags -> b
    android.support.v4.app.FragmentManagerImpl this$0 -> c
    void run() -> run
android.support.v4.app.FragmentManagerImpl$5 -> android.support.v4.app.r:
    android.support.v4.app.Fragment val$fragment -> a
    android.support.v4.app.FragmentManagerImpl this$0 -> b
    void onAnimationEnd(android.view.animation.Animation) -> onAnimationEnd
    void onAnimationRepeat(android.view.animation.Animation) -> onAnimationRepeat
    void onAnimationStart(android.view.animation.Animation) -> onAnimationStart
android.support.v4.app.FragmentManagerState -> android.support.v4.app.FragmentManagerState:
    android.support.v4.app.FragmentState[] mActive -> a
    int[] mAdded -> b
    android.support.v4.app.BackStackState[] mBackStack -> c
    android.os.Parcelable$Creator CREATOR -> CREATOR
    int describeContents() -> describeContents
    void writeToParcel(android.os.Parcel,int) -> writeToParcel
android.support.v4.app.FragmentManagerState$1 -> android.support.v4.app.s:
    android.support.v4.app.FragmentManagerState createFromParcel(android.os.Parcel) -> a
    android.support.v4.app.FragmentManagerState[] newArray(int) -> a
    java.lang.Object[] newArray(int) -> newArray
    java.lang.Object createFromParcel(android.os.Parcel) -> createFromParcel
android.support.v4.app.FragmentState -> android.support.v4.app.FragmentState:
    java.lang.String mClassName -> a
    int mIndex -> b
    boolean mFromLayout -> c
    int mFragmentId -> d
    int mContainerId -> e
    java.lang.String mTag -> f
    boolean mRetainInstance -> g
    boolean mDetached -> h
    android.os.Bundle mArguments -> i
    android.os.Bundle mSavedFragmentState -> j
    android.support.v4.app.Fragment mInstance -> k
    android.os.Parcelable$Creator CREATOR -> CREATOR
    android.support.v4.app.Fragment instantiate(android.support.v4.app.FragmentActivity) -> a
    int describeContents() -> describeContents
    void writeToParcel(android.os.Parcel,int) -> writeToParcel