proguard/usage.txt
org.mariotaku.twidere.BuildConfig
org.mariotaku.twidere.Constants
org.mariotaku.twidere.ITwidereService$Stub:
    private static final java.lang.String DESCRIPTOR
    static final int TRANSACTION_getHomeTimeline
    static final int TRANSACTION_getMentions
    static final int TRANSACTION_getReceivedDirectMessages
    static final int TRANSACTION_getSentDirectMessages
    static final int TRANSACTION_updateStatus
    static final int TRANSACTION_destroyStatus
    static final int TRANSACTION_retweetStatus
    static final int TRANSACTION_cancelRetweet
    static final int TRANSACTION_createFavorite
    static final int TRANSACTION_destroyFavorite
    static final int TRANSACTION_createFriendship
    static final int TRANSACTION_destroyFriendship
    static final int TRANSACTION_createBlock
    static final int TRANSACTION_destroyBlock
    static final int TRANSACTION_reportSpam
    static final int TRANSACTION_updateProfile
    static final int TRANSACTION_updateProfileImage
    static final int TRANSACTION_isHomeTimelineRefreshing
    static final int TRANSACTION_isMentionsRefreshing
    static final int TRANSACTION_isReceivedDirectMessagesRefreshing
    static final int TRANSACTION_isSentDirectMessagesRefreshing
    static final int TRANSACTION_hasActivatedTask
    static final int TRANSACTION_test
    static final int TRANSACTION_shutdownService
org.mariotaku.twidere.ITwidereService$Stub$Proxy:
    351:351:public java.lang.String getInterfaceDescriptor()
org.mariotaku.twidere.Manifest
org.mariotaku.twidere.Manifest$permission
org.mariotaku.twidere.Manifest$permission_group
org.mariotaku.twidere.R:
    10:10:public R()
org.mariotaku.twidere.R$anim
org.mariotaku.twidere.R$attr
org.mariotaku.twidere.R$bool
org.mariotaku.twidere.R$color
org.mariotaku.twidere.R$dimen
org.mariotaku.twidere.R$drawable
org.mariotaku.twidere.R$id
org.mariotaku.twidere.R$layout
org.mariotaku.twidere.R$menu
org.mariotaku.twidere.R$plurals
org.mariotaku.twidere.R$string
org.mariotaku.twidere.R$style
org.mariotaku.twidere.R$styleable:
    1073:1073:public R$styleable()
org.mariotaku.twidere.R$xml
org.mariotaku.twidere.activity.BaseActivity:
    41:41:public org.mariotaku.twidere.app.TwidereApplication getTwidereApplication()
org.mariotaku.twidere.activity.BaseDialogActivity:
    41:41:public org.mariotaku.twidere.app.TwidereApplication getTwidereApplication()
org.mariotaku.twidere.activity.ComposeActivity:
    private static final int THUMBNAIL_SIZE
    private static final java.lang.String INTENT_KEY_IMAGE_URI
    private static final java.lang.String INTENT_KEY_PHOTO_ATTACHED
    private static final java.lang.String INTENT_KEY_IMAGE_ATTACHED
org.mariotaku.twidere.activity.EditAPIActivity:
    1:1:public bridge synthetic org.mariotaku.twidere.app.TwidereApplication getTwidereApplication()
org.mariotaku.twidere.activity.HomeActivity:
    public static final int PANE_LEFT
    public static final int PANE_RIGHT
    public static final int TAB_POSITION_HOME
    public static final int TAB_POSITION_MENTIONS
    public static final int TAB_POSITION_DISCOVER
    public static final int TAB_POSITION_ME
    257:258:public void onDefaultAccountSet()
org.mariotaku.twidere.activity.ImageViewerActivity$ImageLoader:
    private static final java.lang.String CACHE_DIR_NAME
org.mariotaku.twidere.activity.LicenseActivity:
    1:1:public bridge synthetic org.mariotaku.twidere.app.TwidereApplication getTwidereApplication()
org.mariotaku.twidere.activity.LinkHandlerActivity:
    private static final int CODE_STATUS
    private static final int CODE_USER
    private static final int CODE_USER_TIMELINE
    private static final int CODE_USER_FAVORITES
    private static final int CODE_USER_FOLLOWERS
    private static final int CODE_USER_FOLLOWING
    private static final int CODE_USER_BLOCKS
    private static final int CODE_CONVERSATION
...
com.handmark.pulltorefresh.library.R$xml
com.handmark.pulltorefresh.library.internal.EmptyViewMethodAccessor:
    public abstract void setEmptyView(android.view.View)
com.handmark.pulltorefresh.library.internal.IndicatorLayout:
    static final int DEFAULT_ROTATION_ANIMATION_DURATION
com.handmark.pulltorefresh.library.internal.LoadingLayout:
    static final int DEFAULT_ROTATION_ANIMATION_DURATION
com.twitter.Autolink
com.twitter.Autolink$LinkAttributeModifier
com.twitter.Autolink$LinkTextModifier
com.twitter.Extractor:
    29:36:public java.util.List extractCashtags(java.lang.String)
    46:60:public java.util.List extractCashtagsWithIndices(java.lang.String)
    70:77:public java.util.List extractEntitiesWithIndices(java.lang.String)
    87:87:public java.util.List extractHashtags(java.lang.String)
    91:100:public java.util.List extractHashtags(java.lang.String,boolean)
    110:110:public java.util.List extractHashtagsWithIndices(java.lang.String)
    196:206:public java.lang.String extractReplyScreenname(java.lang.String)
    216:222:public java.util.List extractURLs(java.lang.String)
    272:272:public boolean isExtractURLWithoutProtocol()
    289:295:public void modifyIndicesFromUnicodeToUTF16(java.lang.String,java.util.List)
    311:317:public void modifyIndicesFromUTF16ToToUnicode(java.lang.String,java.util.List)
    320:321:public void setExtractURLWithoutProtocol(boolean)
    332:374:private java.util.List extractHashtagsWithIndices(java.lang.String,boolean)
    379:404:private void removeOverlappingEntities(java.util.List)
com.twitter.Extractor$1
com.twitter.Extractor$Entity:
    455:455:public java.lang.String getDisplayURL()
    459:459:public java.lang.Integer getEnd()
    463:463:public java.lang.String getExpandedURL()
    467:467:public java.lang.String getListSlug()
    471:471:public java.lang.Integer getStart()
    475:475:public com.twitter.Extractor$Entity$Type getType()
    479:479:public java.lang.String getValue()
    488:489:public void setDisplayURL(java.lang.String)
    492:493:public void setExpandedURL(java.lang.String)
com.twitter.Extractor$IndexConverter
com.twitter.HitHighlighter
com.twitter.Regex:
    private static final java.lang.String UNICODE_SPACES
    private static final java.lang.String URL_VALID_PRECEEDING_CHARS
    private static final java.lang.String URL_VALID_UNICODE_CHARS
    private static final java.lang.String URL_VALID_GTLD
    private static final java.lang.String URL_VALID_CCTLD
    private static final java.lang.String URL_PUNYCODE
    private static final java.lang.String URL_VALID_PORT_NUMBER
    private static final java.lang.String URL_VALID_URL_QUERY_CHARS
    private static final java.lang.String URL_VALID_URL_QUERY_ENDING_CHARS
    private static final java.lang.String DOLLAR_SIGN_CHAR
    private static final java.lang.String CASHTAG
    public static final int VALID_HASHTAG_GROUP_BEFORE
    public static final int VALID_HASHTAG_GROUP_HASHTAG_FULL
    public static final int VALID_HASHTAG_GROUP_HASH
    public static final int VALID_HASHTAG_GROUP_TAG
    public static final int VALID_MENTION_OR_LIST_GROUP_BEFORE
    public static final int VALID_MENTION_OR_LIST_GROUP_AT
    public static final int VALID_MENTION_OR_LIST_GROUP_USERNAME
    public static final int VALID_MENTION_OR_LIST_GROUP_LIST
    public static final int VALID_REPLY_GROUP_USERNAME
    public static final int VALID_URL_GROUP_ALL
    public static final int VALID_URL_GROUP_BEFORE
    public static final int VALID_URL_GROUP_URL
    public static final int VALID_URL_GROUP_PROTOCOL
    public static final int VALID_URL_GROUP_DOMAIN
com.twitter.Validator:
    public static final int MAX_TWEET_LENGTH
    15:15:public int getShortUrlLength()
    19:19:public int getShortUrlLengthHttps()
    46:47:public void setShortUrlLength(int)
    50:51:public void setShortUrlLengthHttps(int)